versions pytest-8.3.5, python-3.9.6.final.0
invocation_dir=/Users/mimi/Documents/projetos/embarca-pw
cwd=/Users/mimi/Documents/projetos/embarca-pw
args=('test_embarca.py', '--debug')

  pytest_cmdline_main [hook]
      config: <_pytest.config.Config object at 0x100685880>
    pytest_plugin_registered [hook]
        plugin: <Session  exitstatus='<UNSET>' testsfailed=0 testscollected=0>
        plugin_name: session
        manager: <_pytest.config.PytestPluginManager object at 0x1014fbb20>
    finish pytest_plugin_registered --> [] [hook]
    pytest_configure [hook]
        config: <_pytest.config.Config object at 0x100685880>
      pytest_plugin_registered [hook]
          plugin: <_pytest.cacheprovider.LFPlugin object at 0x101fd2760>
          plugin_name: lfplugin
          manager: <_pytest.config.PytestPluginManager object at 0x1014fbb20>
      finish pytest_plugin_registered --> [] [hook]
      pytest_plugin_registered [hook]
          plugin: <_pytest.cacheprovider.NFPlugin object at 0x101fd2850>
          plugin_name: nfplugin
          manager: <_pytest.config.PytestPluginManager object at 0x1014fbb20>
      finish pytest_plugin_registered --> [] [hook]
    early skip of rewriting module: faulthandler [assertion]
      pytest_plugin_registered [hook]
          plugin: <class '_pytest.legacypath.LegacyTmpdirPlugin'>
          plugin_name: legacypath-tmpdir
          manager: <_pytest.config.PytestPluginManager object at 0x1014fbb20>
      finish pytest_plugin_registered --> [] [hook]
    early skip of rewriting module: pdb [assertion]
    early skip of rewriting module: cmd [assertion]
    early skip of rewriting module: code [assertion]
    early skip of rewriting module: codeop [assertion]
      pytest_plugin_registered [hook]
          plugin: <_pytest.config.PytestPluginManager object at 0x1014fbb20>
          plugin_name: 4316969760
          manager: <_pytest.config.PytestPluginManager object at 0x1014fbb20>
      finish pytest_plugin_registered --> [] [hook]
      pytest_plugin_registered [hook]
          plugin: <_pytest.config.Config object at 0x100685880>
          plugin_name: pytestconfig
          manager: <_pytest.config.PytestPluginManager object at 0x1014fbb20>
      finish pytest_plugin_registered --> [] [hook]
      pytest_plugin_registered [hook]
          plugin: <module '_pytest.mark' from '/Users/mimi/Documents/projetos/embarca-pw/.venv/lib/python3.9/site-packages/_pytest/mark/__init__.py'>
          plugin_name: mark
          manager: <_pytest.config.PytestPluginManager object at 0x1014fbb20>
      finish pytest_plugin_registered --> [] [hook]
      pytest_plugin_registered [hook]
          plugin: <module '_pytest.main' from '/Users/mimi/Documents/projetos/embarca-pw/.venv/lib/python3.9/site-packages/_pytest/main.py'>
          plugin_name: main
          manager: <_pytest.config.PytestPluginManager object at 0x1014fbb20>
      finish pytest_plugin_registered --> [] [hook]
      pytest_plugin_registered [hook]
          plugin: <module '_pytest.runner' from '/Users/mimi/Documents/projetos/embarca-pw/.venv/lib/python3.9/site-packages/_pytest/runner.py'>
          plugin_name: runner
          manager: <_pytest.config.PytestPluginManager object at 0x1014fbb20>
      finish pytest_plugin_registered --> [] [hook]
      pytest_plugin_registered [hook]
          plugin: <module '_pytest.fixtures' from '/Users/mimi/Documents/projetos/embarca-pw/.venv/lib/python3.9/site-packages/_pytest/fixtures.py'>
          plugin_name: fixtures
          manager: <_pytest.config.PytestPluginManager object at 0x1014fbb20>
      finish pytest_plugin_registered --> [] [hook]
      pytest_plugin_registered [hook]
          plugin: <module '_pytest.helpconfig' from '/Users/mimi/Documents/projetos/embarca-pw/.venv/lib/python3.9/site-packages/_pytest/helpconfig.py'>
          plugin_name: helpconfig
          manager: <_pytest.config.PytestPluginManager object at 0x1014fbb20>
      finish pytest_plugin_registered --> [] [hook]
      pytest_plugin_registered [hook]
          plugin: <module '_pytest.python' from '/Users/mimi/Documents/projetos/embarca-pw/.venv/lib/python3.9/site-packages/_pytest/python.py'>
          plugin_name: python
          manager: <_pytest.config.PytestPluginManager object at 0x1014fbb20>
      finish pytest_plugin_registered --> [] [hook]
      pytest_plugin_registered [hook]
          plugin: <module '_pytest.terminal' from '/Users/mimi/Documents/projetos/embarca-pw/.venv/lib/python3.9/site-packages/_pytest/terminal.py'>
          plugin_name: terminal
          manager: <_pytest.config.PytestPluginManager object at 0x1014fbb20>
      finish pytest_plugin_registered --> [] [hook]
      pytest_plugin_registered [hook]
          plugin: <module '_pytest.debugging' from '/Users/mimi/Documents/projetos/embarca-pw/.venv/lib/python3.9/site-packages/_pytest/debugging.py'>
          plugin_name: debugging
          manager: <_pytest.config.PytestPluginManager object at 0x1014fbb20>
      finish pytest_plugin_registered --> [] [hook]
      pytest_plugin_registered [hook]
          plugin: <module '_pytest.unittest' from '/Users/mimi/Documents/projetos/embarca-pw/.venv/lib/python3.9/site-packages/_pytest/unittest.py'>
          plugin_name: unittest
          manager: <_pytest.config.PytestPluginManager object at 0x1014fbb20>
      finish pytest_plugin_registered --> [] [hook]
      pytest_plugin_registered [hook]
          plugin: <module '_pytest.capture' from '/Users/mimi/Documents/projetos/embarca-pw/.venv/lib/python3.9/site-packages/_pytest/capture.py'>
          plugin_name: capture
          manager: <_pytest.config.PytestPluginManager object at 0x1014fbb20>
      finish pytest_plugin_registered --> [] [hook]
      pytest_plugin_registered [hook]
          plugin: <module '_pytest.skipping' from '/Users/mimi/Documents/projetos/embarca-pw/.venv/lib/python3.9/site-packages/_pytest/skipping.py'>
          plugin_name: skipping
          manager: <_pytest.config.PytestPluginManager object at 0x1014fbb20>
      finish pytest_plugin_registered --> [] [hook]
      pytest_plugin_registered [hook]
          plugin: <module '_pytest.legacypath' from '/Users/mimi/Documents/projetos/embarca-pw/.venv/lib/python3.9/site-packages/_pytest/legacypath.py'>
          plugin_name: legacypath
          manager: <_pytest.config.PytestPluginManager object at 0x1014fbb20>
      finish pytest_plugin_registered --> [] [hook]
      pytest_plugin_registered [hook]
          plugin: <module '_pytest.tmpdir' from '/Users/mimi/Documents/projetos/embarca-pw/.venv/lib/python3.9/site-packages/_pytest/tmpdir.py'>
          plugin_name: tmpdir
          manager: <_pytest.config.PytestPluginManager object at 0x1014fbb20>
      finish pytest_plugin_registered --> [] [hook]
      pytest_plugin_registered [hook]
          plugin: <module '_pytest.monkeypatch' from '/Users/mimi/Documents/projetos/embarca-pw/.venv/lib/python3.9/site-packages/_pytest/monkeypatch.py'>
          plugin_name: monkeypatch
          manager: <_pytest.config.PytestPluginManager object at 0x1014fbb20>
      finish pytest_plugin_registered --> [] [hook]
      pytest_plugin_registered [hook]
          plugin: <module '_pytest.recwarn' from '/Users/mimi/Documents/projetos/embarca-pw/.venv/lib/python3.9/site-packages/_pytest/recwarn.py'>
          plugin_name: recwarn
          manager: <_pytest.config.PytestPluginManager object at 0x1014fbb20>
      finish pytest_plugin_registered --> [] [hook]
      pytest_plugin_registered [hook]
          plugin: <module '_pytest.pastebin' from '/Users/mimi/Documents/projetos/embarca-pw/.venv/lib/python3.9/site-packages/_pytest/pastebin.py'>
          plugin_name: pastebin
          manager: <_pytest.config.PytestPluginManager object at 0x1014fbb20>
      finish pytest_plugin_registered --> [] [hook]
      pytest_plugin_registered [hook]
          plugin: <module '_pytest.assertion' from '/Users/mimi/Documents/projetos/embarca-pw/.venv/lib/python3.9/site-packages/_pytest/assertion/__init__.py'>
          plugin_name: assertion
          manager: <_pytest.config.PytestPluginManager object at 0x1014fbb20>
      finish pytest_plugin_registered --> [] [hook]
      pytest_plugin_registered [hook]
          plugin: <module '_pytest.junitxml' from '/Users/mimi/Documents/projetos/embarca-pw/.venv/lib/python3.9/site-packages/_pytest/junitxml.py'>
          plugin_name: junitxml
          manager: <_pytest.config.PytestPluginManager object at 0x1014fbb20>
      finish pytest_plugin_registered --> [] [hook]
      pytest_plugin_registered [hook]
          plugin: <module '_pytest.doctest' from '/Users/mimi/Documents/projetos/embarca-pw/.venv/lib/python3.9/site-packages/_pytest/doctest.py'>
          plugin_name: doctest
          manager: <_pytest.config.PytestPluginManager object at 0x1014fbb20>
      finish pytest_plugin_registered --> [] [hook]
      pytest_plugin_registered [hook]
          plugin: <module '_pytest.cacheprovider' from '/Users/mimi/Documents/projetos/embarca-pw/.venv/lib/python3.9/site-packages/_pytest/cacheprovider.py'>
          plugin_name: cacheprovider
          manager: <_pytest.config.PytestPluginManager object at 0x1014fbb20>
      finish pytest_plugin_registered --> [] [hook]
      pytest_plugin_registered [hook]
          plugin: <module '_pytest.freeze_support' from '/Users/mimi/Documents/projetos/embarca-pw/.venv/lib/python3.9/site-packages/_pytest/freeze_support.py'>
          plugin_name: freeze_support
          manager: <_pytest.config.PytestPluginManager object at 0x1014fbb20>
      finish pytest_plugin_registered --> [] [hook]
      pytest_plugin_registered [hook]
          plugin: <module '_pytest.setuponly' from '/Users/mimi/Documents/projetos/embarca-pw/.venv/lib/python3.9/site-packages/_pytest/setuponly.py'>
          plugin_name: setuponly
          manager: <_pytest.config.PytestPluginManager object at 0x1014fbb20>
      finish pytest_plugin_registered --> [] [hook]
      pytest_plugin_registered [hook]
          plugin: <module '_pytest.setupplan' from '/Users/mimi/Documents/projetos/embarca-pw/.venv/lib/python3.9/site-packages/_pytest/setupplan.py'>
          plugin_name: setupplan
          manager: <_pytest.config.PytestPluginManager object at 0x1014fbb20>
      finish pytest_plugin_registered --> [] [hook]
      pytest_plugin_registered [hook]
          plugin: <module '_pytest.stepwise' from '/Users/mimi/Documents/projetos/embarca-pw/.venv/lib/python3.9/site-packages/_pytest/stepwise.py'>
          plugin_name: stepwise
          manager: <_pytest.config.PytestPluginManager object at 0x1014fbb20>
      finish pytest_plugin_registered --> [] [hook]
      pytest_plugin_registered [hook]
          plugin: <module '_pytest.warnings' from '/Users/mimi/Documents/projetos/embarca-pw/.venv/lib/python3.9/site-packages/_pytest/warnings.py'>
          plugin_name: warnings
          manager: <_pytest.config.PytestPluginManager object at 0x1014fbb20>
      finish pytest_plugin_registered --> [] [hook]
      pytest_plugin_registered [hook]
          plugin: <module '_pytest.logging' from '/Users/mimi/Documents/projetos/embarca-pw/.venv/lib/python3.9/site-packages/_pytest/logging.py'>
          plugin_name: logging
          manager: <_pytest.config.PytestPluginManager object at 0x1014fbb20>
      finish pytest_plugin_registered --> [] [hook]
      pytest_plugin_registered [hook]
          plugin: <module '_pytest.reports' from '/Users/mimi/Documents/projetos/embarca-pw/.venv/lib/python3.9/site-packages/_pytest/reports.py'>
          plugin_name: reports
          manager: <_pytest.config.PytestPluginManager object at 0x1014fbb20>
      finish pytest_plugin_registered --> [] [hook]
      pytest_plugin_registered [hook]
          plugin: <module '_pytest.python_path' from '/Users/mimi/Documents/projetos/embarca-pw/.venv/lib/python3.9/site-packages/_pytest/python_path.py'>
          plugin_name: python_path
          manager: <_pytest.config.PytestPluginManager object at 0x1014fbb20>
      finish pytest_plugin_registered --> [] [hook]
      pytest_plugin_registered [hook]
          plugin: <module '_pytest.unraisableexception' from '/Users/mimi/Documents/projetos/embarca-pw/.venv/lib/python3.9/site-packages/_pytest/unraisableexception.py'>
          plugin_name: unraisableexception
          manager: <_pytest.config.PytestPluginManager object at 0x1014fbb20>
      finish pytest_plugin_registered --> [] [hook]
      pytest_plugin_registered [hook]
          plugin: <module '_pytest.threadexception' from '/Users/mimi/Documents/projetos/embarca-pw/.venv/lib/python3.9/site-packages/_pytest/threadexception.py'>
          plugin_name: threadexception
          manager: <_pytest.config.PytestPluginManager object at 0x1014fbb20>
      finish pytest_plugin_registered --> [] [hook]
      pytest_plugin_registered [hook]
          plugin: <module '_pytest.faulthandler' from '/Users/mimi/Documents/projetos/embarca-pw/.venv/lib/python3.9/site-packages/_pytest/faulthandler.py'>
          plugin_name: faulthandler
          manager: <_pytest.config.PytestPluginManager object at 0x1014fbb20>
      finish pytest_plugin_registered --> [] [hook]
      pytest_plugin_registered [hook]
          plugin: <module 'pytest_playwright.pytest_playwright' from '/Users/mimi/Documents/projetos/embarca-pw/.venv/lib/python3.9/site-packages/pytest_playwright/pytest_playwright.py'>
          plugin_name: playwright
          manager: <_pytest.config.PytestPluginManager object at 0x1014fbb20>
      finish pytest_plugin_registered --> [] [hook]
      pytest_plugin_registered [hook]
          plugin: <module 'pytest_base_url.plugin' from '/Users/mimi/Documents/projetos/embarca-pw/.venv/lib/python3.9/site-packages/pytest_base_url/plugin.py'>
          plugin_name: base_url
          manager: <_pytest.config.PytestPluginManager object at 0x1014fbb20>
      finish pytest_plugin_registered --> [] [hook]
      pytest_plugin_registered [hook]
          plugin: <CaptureManager _method='fd' _global_capturing=<MultiCapture out=<FDCapture 1 oldfd=6 _state='suspended' tmpfile=<_io.TextIOWrapper name="<_io.FileIO name=7 mode='rb+' closefd=True>" mode='r+' encoding='utf-8'>> err=<FDCapture 2 oldfd=8 _state='suspended' tmpfile=<_io.TextIOWrapper name="<_io.FileIO name=9 mode='rb+' closefd=True>" mode='r+' encoding='utf-8'>> in_=<FDCapture 0 oldfd=4 _state='started' tmpfile=<_io.TextIOWrapper name='/dev/null' mode='r' encoding='utf-8'>> _state='suspended' _in_suspended=False> _capture_fixture=None>
          plugin_name: capturemanager
          manager: <_pytest.config.PytestPluginManager object at 0x1014fbb20>
      finish pytest_plugin_registered --> [] [hook]
      pytest_plugin_registered [hook]
          plugin: <Session  exitstatus=<ExitCode.OK: 0> testsfailed=0 testscollected=0>
          plugin_name: session
          manager: <_pytest.config.PytestPluginManager object at 0x1014fbb20>
      finish pytest_plugin_registered --> [] [hook]
      pytest_plugin_registered [hook]
          plugin: <_pytest.cacheprovider.LFPlugin object at 0x101fd2760>
          plugin_name: lfplugin
          manager: <_pytest.config.PytestPluginManager object at 0x1014fbb20>
      finish pytest_plugin_registered --> [] [hook]
      pytest_plugin_registered [hook]
          plugin: <_pytest.cacheprovider.NFPlugin object at 0x101fd2850>
          plugin_name: nfplugin
          manager: <_pytest.config.PytestPluginManager object at 0x1014fbb20>
      finish pytest_plugin_registered --> [] [hook]
      pytest_plugin_registered [hook]
          plugin: <class '_pytest.legacypath.LegacyTmpdirPlugin'>
          plugin_name: legacypath-tmpdir
          manager: <_pytest.config.PytestPluginManager object at 0x1014fbb20>
      finish pytest_plugin_registered --> [] [hook]
      pytest_plugin_registered [hook]
          plugin: <_pytest.terminal.TerminalReporter object at 0x101fd2bb0>
          plugin_name: terminalreporter
          manager: <_pytest.config.PytestPluginManager object at 0x1014fbb20>
      finish pytest_plugin_registered --> [] [hook]
      pytest_plugin_registered [hook]
          plugin: <_pytest.logging.LoggingPlugin object at 0x101fe0af0>
          plugin_name: logging-plugin
          manager: <_pytest.config.PytestPluginManager object at 0x1014fbb20>
      finish pytest_plugin_registered --> [] [hook]
    finish pytest_configure --> [] [hook]
    pytest_sessionstart [hook]
        session: <Session  exitstatus=<ExitCode.OK: 0> testsfailed=0 testscollected=0>
      pytest_plugin_registered [hook]
          plugin: <_pytest.config.PytestPluginManager object at 0x1014fbb20>
          plugin_name: 4316969760
          manager: <_pytest.config.PytestPluginManager object at 0x1014fbb20>
      finish pytest_plugin_registered --> [] [hook]
      pytest_plugin_registered [hook]
          plugin: <_pytest.config.Config object at 0x100685880>
          plugin_name: pytestconfig
          manager: <_pytest.config.PytestPluginManager object at 0x1014fbb20>
      finish pytest_plugin_registered --> [] [hook]
      pytest_plugin_registered [hook]
          plugin: <module '_pytest.mark' from '/Users/mimi/Documents/projetos/embarca-pw/.venv/lib/python3.9/site-packages/_pytest/mark/__init__.py'>
          plugin_name: mark
          manager: <_pytest.config.PytestPluginManager object at 0x1014fbb20>
      finish pytest_plugin_registered --> [] [hook]
      pytest_plugin_registered [hook]
          plugin: <module '_pytest.main' from '/Users/mimi/Documents/projetos/embarca-pw/.venv/lib/python3.9/site-packages/_pytest/main.py'>
          plugin_name: main
          manager: <_pytest.config.PytestPluginManager object at 0x1014fbb20>
      finish pytest_plugin_registered --> [] [hook]
      pytest_plugin_registered [hook]
          plugin: <module '_pytest.runner' from '/Users/mimi/Documents/projetos/embarca-pw/.venv/lib/python3.9/site-packages/_pytest/runner.py'>
          plugin_name: runner
          manager: <_pytest.config.PytestPluginManager object at 0x1014fbb20>
      finish pytest_plugin_registered --> [] [hook]
      pytest_plugin_registered [hook]
          plugin: <module '_pytest.fixtures' from '/Users/mimi/Documents/projetos/embarca-pw/.venv/lib/python3.9/site-packages/_pytest/fixtures.py'>
          plugin_name: fixtures
          manager: <_pytest.config.PytestPluginManager object at 0x1014fbb20>
      finish pytest_plugin_registered --> [] [hook]
      pytest_plugin_registered [hook]
          plugin: <module '_pytest.helpconfig' from '/Users/mimi/Documents/projetos/embarca-pw/.venv/lib/python3.9/site-packages/_pytest/helpconfig.py'>
          plugin_name: helpconfig
          manager: <_pytest.config.PytestPluginManager object at 0x1014fbb20>
      finish pytest_plugin_registered --> [] [hook]
      pytest_plugin_registered [hook]
          plugin: <module '_pytest.python' from '/Users/mimi/Documents/projetos/embarca-pw/.venv/lib/python3.9/site-packages/_pytest/python.py'>
          plugin_name: python
          manager: <_pytest.config.PytestPluginManager object at 0x1014fbb20>
      finish pytest_plugin_registered --> [] [hook]
      pytest_plugin_registered [hook]
          plugin: <module '_pytest.terminal' from '/Users/mimi/Documents/projetos/embarca-pw/.venv/lib/python3.9/site-packages/_pytest/terminal.py'>
          plugin_name: terminal
          manager: <_pytest.config.PytestPluginManager object at 0x1014fbb20>
      finish pytest_plugin_registered --> [] [hook]
      pytest_plugin_registered [hook]
          plugin: <module '_pytest.debugging' from '/Users/mimi/Documents/projetos/embarca-pw/.venv/lib/python3.9/site-packages/_pytest/debugging.py'>
          plugin_name: debugging
          manager: <_pytest.config.PytestPluginManager object at 0x1014fbb20>
      finish pytest_plugin_registered --> [] [hook]
      pytest_plugin_registered [hook]
          plugin: <module '_pytest.unittest' from '/Users/mimi/Documents/projetos/embarca-pw/.venv/lib/python3.9/site-packages/_pytest/unittest.py'>
          plugin_name: unittest
          manager: <_pytest.config.PytestPluginManager object at 0x1014fbb20>
      finish pytest_plugin_registered --> [] [hook]
      pytest_plugin_registered [hook]
          plugin: <module '_pytest.capture' from '/Users/mimi/Documents/projetos/embarca-pw/.venv/lib/python3.9/site-packages/_pytest/capture.py'>
          plugin_name: capture
          manager: <_pytest.config.PytestPluginManager object at 0x1014fbb20>
      finish pytest_plugin_registered --> [] [hook]
      pytest_plugin_registered [hook]
          plugin: <module '_pytest.skipping' from '/Users/mimi/Documents/projetos/embarca-pw/.venv/lib/python3.9/site-packages/_pytest/skipping.py'>
          plugin_name: skipping
          manager: <_pytest.config.PytestPluginManager object at 0x1014fbb20>
      finish pytest_plugin_registered --> [] [hook]
      pytest_plugin_registered [hook]
          plugin: <module '_pytest.legacypath' from '/Users/mimi/Documents/projetos/embarca-pw/.venv/lib/python3.9/site-packages/_pytest/legacypath.py'>
          plugin_name: legacypath
          manager: <_pytest.config.PytestPluginManager object at 0x1014fbb20>
      finish pytest_plugin_registered --> [] [hook]
      pytest_plugin_registered [hook]
          plugin: <module '_pytest.tmpdir' from '/Users/mimi/Documents/projetos/embarca-pw/.venv/lib/python3.9/site-packages/_pytest/tmpdir.py'>
          plugin_name: tmpdir
          manager: <_pytest.config.PytestPluginManager object at 0x1014fbb20>
      finish pytest_plugin_registered --> [] [hook]
      pytest_plugin_registered [hook]
          plugin: <module '_pytest.monkeypatch' from '/Users/mimi/Documents/projetos/embarca-pw/.venv/lib/python3.9/site-packages/_pytest/monkeypatch.py'>
          plugin_name: monkeypatch
          manager: <_pytest.config.PytestPluginManager object at 0x1014fbb20>
      finish pytest_plugin_registered --> [] [hook]
      pytest_plugin_registered [hook]
          plugin: <module '_pytest.recwarn' from '/Users/mimi/Documents/projetos/embarca-pw/.venv/lib/python3.9/site-packages/_pytest/recwarn.py'>
          plugin_name: recwarn
          manager: <_pytest.config.PytestPluginManager object at 0x1014fbb20>
      finish pytest_plugin_registered --> [] [hook]
      pytest_plugin_registered [hook]
          plugin: <module '_pytest.pastebin' from '/Users/mimi/Documents/projetos/embarca-pw/.venv/lib/python3.9/site-packages/_pytest/pastebin.py'>
          plugin_name: pastebin
          manager: <_pytest.config.PytestPluginManager object at 0x1014fbb20>
      finish pytest_plugin_registered --> [] [hook]
      pytest_plugin_registered [hook]
          plugin: <module '_pytest.assertion' from '/Users/mimi/Documents/projetos/embarca-pw/.venv/lib/python3.9/site-packages/_pytest/assertion/__init__.py'>
          plugin_name: assertion
          manager: <_pytest.config.PytestPluginManager object at 0x1014fbb20>
      finish pytest_plugin_registered --> [] [hook]
      pytest_plugin_registered [hook]
          plugin: <module '_pytest.junitxml' from '/Users/mimi/Documents/projetos/embarca-pw/.venv/lib/python3.9/site-packages/_pytest/junitxml.py'>
          plugin_name: junitxml
          manager: <_pytest.config.PytestPluginManager object at 0x1014fbb20>
      finish pytest_plugin_registered --> [] [hook]
      pytest_plugin_registered [hook]
          plugin: <module '_pytest.doctest' from '/Users/mimi/Documents/projetos/embarca-pw/.venv/lib/python3.9/site-packages/_pytest/doctest.py'>
          plugin_name: doctest
          manager: <_pytest.config.PytestPluginManager object at 0x1014fbb20>
      finish pytest_plugin_registered --> [] [hook]
      pytest_plugin_registered [hook]
          plugin: <module '_pytest.cacheprovider' from '/Users/mimi/Documents/projetos/embarca-pw/.venv/lib/python3.9/site-packages/_pytest/cacheprovider.py'>
          plugin_name: cacheprovider
          manager: <_pytest.config.PytestPluginManager object at 0x1014fbb20>
      finish pytest_plugin_registered --> [] [hook]
      pytest_plugin_registered [hook]
          plugin: <module '_pytest.freeze_support' from '/Users/mimi/Documents/projetos/embarca-pw/.venv/lib/python3.9/site-packages/_pytest/freeze_support.py'>
          plugin_name: freeze_support
          manager: <_pytest.config.PytestPluginManager object at 0x1014fbb20>
      finish pytest_plugin_registered --> [] [hook]
      pytest_plugin_registered [hook]
          plugin: <module '_pytest.setuponly' from '/Users/mimi/Documents/projetos/embarca-pw/.venv/lib/python3.9/site-packages/_pytest/setuponly.py'>
          plugin_name: setuponly
          manager: <_pytest.config.PytestPluginManager object at 0x1014fbb20>
      finish pytest_plugin_registered --> [] [hook]
      pytest_plugin_registered [hook]
          plugin: <module '_pytest.setupplan' from '/Users/mimi/Documents/projetos/embarca-pw/.venv/lib/python3.9/site-packages/_pytest/setupplan.py'>
          plugin_name: setupplan
          manager: <_pytest.config.PytestPluginManager object at 0x1014fbb20>
      finish pytest_plugin_registered --> [] [hook]
      pytest_plugin_registered [hook]
          plugin: <module '_pytest.stepwise' from '/Users/mimi/Documents/projetos/embarca-pw/.venv/lib/python3.9/site-packages/_pytest/stepwise.py'>
          plugin_name: stepwise
          manager: <_pytest.config.PytestPluginManager object at 0x1014fbb20>
      finish pytest_plugin_registered --> [] [hook]
      pytest_plugin_registered [hook]
          plugin: <module '_pytest.warnings' from '/Users/mimi/Documents/projetos/embarca-pw/.venv/lib/python3.9/site-packages/_pytest/warnings.py'>
          plugin_name: warnings
          manager: <_pytest.config.PytestPluginManager object at 0x1014fbb20>
      finish pytest_plugin_registered --> [] [hook]
      pytest_plugin_registered [hook]
          plugin: <module '_pytest.logging' from '/Users/mimi/Documents/projetos/embarca-pw/.venv/lib/python3.9/site-packages/_pytest/logging.py'>
          plugin_name: logging
          manager: <_pytest.config.PytestPluginManager object at 0x1014fbb20>
      finish pytest_plugin_registered --> [] [hook]
      pytest_plugin_registered [hook]
          plugin: <module '_pytest.reports' from '/Users/mimi/Documents/projetos/embarca-pw/.venv/lib/python3.9/site-packages/_pytest/reports.py'>
          plugin_name: reports
          manager: <_pytest.config.PytestPluginManager object at 0x1014fbb20>
      finish pytest_plugin_registered --> [] [hook]
      pytest_plugin_registered [hook]
          plugin: <module '_pytest.python_path' from '/Users/mimi/Documents/projetos/embarca-pw/.venv/lib/python3.9/site-packages/_pytest/python_path.py'>
          plugin_name: python_path
          manager: <_pytest.config.PytestPluginManager object at 0x1014fbb20>
      finish pytest_plugin_registered --> [] [hook]
      pytest_plugin_registered [hook]
          plugin: <module '_pytest.unraisableexception' from '/Users/mimi/Documents/projetos/embarca-pw/.venv/lib/python3.9/site-packages/_pytest/unraisableexception.py'>
          plugin_name: unraisableexception
          manager: <_pytest.config.PytestPluginManager object at 0x1014fbb20>
      finish pytest_plugin_registered --> [] [hook]
      pytest_plugin_registered [hook]
          plugin: <module '_pytest.threadexception' from '/Users/mimi/Documents/projetos/embarca-pw/.venv/lib/python3.9/site-packages/_pytest/threadexception.py'>
          plugin_name: threadexception
          manager: <_pytest.config.PytestPluginManager object at 0x1014fbb20>
      finish pytest_plugin_registered --> [] [hook]
      pytest_plugin_registered [hook]
          plugin: <module '_pytest.faulthandler' from '/Users/mimi/Documents/projetos/embarca-pw/.venv/lib/python3.9/site-packages/_pytest/faulthandler.py'>
          plugin_name: faulthandler
          manager: <_pytest.config.PytestPluginManager object at 0x1014fbb20>
      finish pytest_plugin_registered --> [] [hook]
      pytest_plugin_registered [hook]
          plugin: <module 'pytest_playwright.pytest_playwright' from '/Users/mimi/Documents/projetos/embarca-pw/.venv/lib/python3.9/site-packages/pytest_playwright/pytest_playwright.py'>
          plugin_name: playwright
          manager: <_pytest.config.PytestPluginManager object at 0x1014fbb20>
      finish pytest_plugin_registered --> [] [hook]
      pytest_plugin_registered [hook]
          plugin: <module 'pytest_base_url.plugin' from '/Users/mimi/Documents/projetos/embarca-pw/.venv/lib/python3.9/site-packages/pytest_base_url/plugin.py'>
          plugin_name: base_url
          manager: <_pytest.config.PytestPluginManager object at 0x1014fbb20>
      finish pytest_plugin_registered --> [] [hook]
      pytest_plugin_registered [hook]
          plugin: <CaptureManager _method='fd' _global_capturing=<MultiCapture out=<FDCapture 1 oldfd=6 _state='suspended' tmpfile=<_io.TextIOWrapper name="<_io.FileIO name=7 mode='rb+' closefd=True>" mode='r+' encoding='utf-8'>> err=<FDCapture 2 oldfd=8 _state='suspended' tmpfile=<_io.TextIOWrapper name="<_io.FileIO name=9 mode='rb+' closefd=True>" mode='r+' encoding='utf-8'>> in_=<FDCapture 0 oldfd=4 _state='started' tmpfile=<_io.TextIOWrapper name='/dev/null' mode='r' encoding='utf-8'>> _state='suspended' _in_suspended=False> _capture_fixture=None>
          plugin_name: capturemanager
          manager: <_pytest.config.PytestPluginManager object at 0x1014fbb20>
      finish pytest_plugin_registered --> [] [hook]
      pytest_plugin_registered [hook]
          plugin: <Session  exitstatus=<ExitCode.OK: 0> testsfailed=0 testscollected=0>
          plugin_name: session
          manager: <_pytest.config.PytestPluginManager object at 0x1014fbb20>
      finish pytest_plugin_registered --> [] [hook]
      pytest_plugin_registered [hook]
          plugin: <_pytest.cacheprovider.LFPlugin object at 0x101fd2760>
          plugin_name: lfplugin
          manager: <_pytest.config.PytestPluginManager object at 0x1014fbb20>
      finish pytest_plugin_registered --> [] [hook]
      pytest_plugin_registered [hook]
          plugin: <_pytest.cacheprovider.NFPlugin object at 0x101fd2850>
          plugin_name: nfplugin
          manager: <_pytest.config.PytestPluginManager object at 0x1014fbb20>
      finish pytest_plugin_registered --> [] [hook]
      pytest_plugin_registered [hook]
          plugin: <class '_pytest.legacypath.LegacyTmpdirPlugin'>
          plugin_name: legacypath-tmpdir
          manager: <_pytest.config.PytestPluginManager object at 0x1014fbb20>
      finish pytest_plugin_registered --> [] [hook]
      pytest_plugin_registered [hook]
          plugin: <_pytest.terminal.TerminalReporter object at 0x101fd2bb0>
          plugin_name: terminalreporter
          manager: <_pytest.config.PytestPluginManager object at 0x1014fbb20>
      finish pytest_plugin_registered --> [] [hook]
      pytest_plugin_registered [hook]
          plugin: <_pytest.logging.LoggingPlugin object at 0x101fe0af0>
          plugin_name: logging-plugin
          manager: <_pytest.config.PytestPluginManager object at 0x1014fbb20>
      finish pytest_plugin_registered --> [] [hook]
      pytest_plugin_registered [hook]
          plugin: <_pytest.fixtures.FixtureManager object at 0x101fd25b0>
          plugin_name: funcmanage
          manager: <_pytest.config.PytestPluginManager object at 0x1014fbb20>
      finish pytest_plugin_registered --> [] [hook]
      pytest_report_header [hook]
          config: <_pytest.config.Config object at 0x100685880>
          start_path: /Users/mimi/Documents/projetos/embarca-pw
          startdir: /Users/mimi/Documents/projetos/embarca-pw
      early skip of rewriting module: email.parser [assertion]
      early skip of rewriting module: email.feedparser [assertion]
      early skip of rewriting module: email.errors [assertion]
      early skip of rewriting module: email._policybase [assertion]
      early skip of rewriting module: email.header [assertion]
      early skip of rewriting module: email.quoprimime [assertion]
      early skip of rewriting module: email.base64mime [assertion]
      early skip of rewriting module: email.charset [assertion]
      early skip of rewriting module: email.encoders [assertion]
      early skip of rewriting module: quopri [assertion]
      early skip of rewriting module: email.utils [assertion]
      early skip of rewriting module: email._parseaddr [assertion]
      early skip of rewriting module: calendar [assertion]
      early skip of rewriting module: email.message [assertion]
      early skip of rewriting module: uu [assertion]
      early skip of rewriting module: email._encoded_words [assertion]
      early skip of rewriting module: email.iterators [assertion]
      finish pytest_report_header --> [['rootdir: /Users/mimi/Documents/projetos/embarca-pw', 'plugins: playwright-0.7.0, base-url-2.1.0'], ['using: pytest-8.3.5', 'registered third-party plugins:', '  pytest-playwright-0.7.0 at /Users/mimi/Documents/projetos/embarca-pw/.venv/lib/python3.9/site-packages/pytest_playwright/pytest_playwright.py', '  pytest-base-url-2.1.0 at /Users/mimi/Documents/projetos/embarca-pw/.venv/lib/python3.9/site-packages/pytest_base_url/plugin.py']] [hook]
    finish pytest_sessionstart --> [] [hook]
    pytest_collection [hook]
        session: <Session  exitstatus=<ExitCode.OK: 0> testsfailed=0 testscollected=0>
    perform_collect <Session  exitstatus=<ExitCode.OK: 0> testsfailed=0 testscollected=0> ['test_embarca.py'] [collection]
        pytest_collectstart [hook]
            collector: <Session  exitstatus=<ExitCode.OK: 0> testsfailed=0 testscollected=0>
        finish pytest_collectstart --> [] [hook]
        pytest_make_collect_report [hook]
            collector: <Session  exitstatus=<ExitCode.OK: 0> testsfailed=0 testscollected=0>
        processing argument CollectionArgument(path=PosixPath('/Users/mimi/Documents/projetos/embarca-pw/test_embarca.py'), parts=[], module_name=None) [collection]
            pytest_collect_directory [hook]
                path: /Users/mimi/Documents/projetos/embarca-pw
                parent: <Session  exitstatus=<ExitCode.OK: 0> testsfailed=0 testscollected=0>
            finish pytest_collect_directory --> <Dir embarca-pw> [hook]
            pytest_collectstart [hook]
                collector: <Dir embarca-pw>
            finish pytest_collectstart --> [] [hook]
            pytest_make_collect_report [hook]
                collector: <Dir embarca-pw>
              pytest_ignore_collect [hook]
                  config: <_pytest.config.Config object at 0x100685880>
                  collection_path: /Users/mimi/Documents/projetos/embarca-pw/.gitignore
                  path: /Users/mimi/Documents/projetos/embarca-pw/.gitignore
              finish pytest_ignore_collect --> None [hook]
              pytest_collect_file [hook]
                  parent: <Dir embarca-pw>
                  file_path: /Users/mimi/Documents/projetos/embarca-pw/.gitignore
                  path: /Users/mimi/Documents/projetos/embarca-pw/.gitignore
              finish pytest_collect_file --> [] [hook]
              pytest_ignore_collect [hook]
                  config: <_pytest.config.Config object at 0x100685880>
                  collection_path: /Users/mimi/Documents/projetos/embarca-pw/.pytest_cache
                  path: /Users/mimi/Documents/projetos/embarca-pw/.pytest_cache
              finish pytest_ignore_collect --> True [hook]
              pytest_ignore_collect [hook]
                  config: <_pytest.config.Config object at 0x100685880>
                  collection_path: /Users/mimi/Documents/projetos/embarca-pw/.venv
                  path: /Users/mimi/Documents/projetos/embarca-pw/.venv
              finish pytest_ignore_collect --> True [hook]
              pytest_ignore_collect [hook]
                  config: <_pytest.config.Config object at 0x100685880>
                  collection_path: /Users/mimi/Documents/projetos/embarca-pw/config.py
                  path: /Users/mimi/Documents/projetos/embarca-pw/config.py
              finish pytest_ignore_collect --> None [hook]
              pytest_collect_file [hook]
                  parent: <Dir embarca-pw>
                  file_path: /Users/mimi/Documents/projetos/embarca-pw/config.py
                  path: /Users/mimi/Documents/projetos/embarca-pw/config.py
              finish pytest_collect_file --> [] [hook]
              pytest_ignore_collect [hook]
                  config: <_pytest.config.Config object at 0x100685880>
                  collection_path: /Users/mimi/Documents/projetos/embarca-pw/pytestdebug.log
                  path: /Users/mimi/Documents/projetos/embarca-pw/pytestdebug.log
              finish pytest_ignore_collect --> None [hook]
              pytest_collect_file [hook]
                  parent: <Dir embarca-pw>
                  file_path: /Users/mimi/Documents/projetos/embarca-pw/pytestdebug.log
                  path: /Users/mimi/Documents/projetos/embarca-pw/pytestdebug.log
              finish pytest_collect_file --> [] [hook]
              pytest_collect_file [hook]
                  parent: <Dir embarca-pw>
                  file_path: /Users/mimi/Documents/projetos/embarca-pw/test_embarca.py
                  path: /Users/mimi/Documents/projetos/embarca-pw/test_embarca.py
                pytest_pycollect_makemodule [hook]
                    parent: <Dir embarca-pw>
                    module_path: /Users/mimi/Documents/projetos/embarca-pw/test_embarca.py
                    path: /Users/mimi/Documents/projetos/embarca-pw/test_embarca.py
                finish pytest_pycollect_makemodule --> <Module test_embarca.py> [hook]
              finish pytest_collect_file --> [<Module test_embarca.py>] [hook]
            finish pytest_make_collect_report --> <CollectReport '.' lenresult=1 outcome='passed'> [hook]
        finish pytest_make_collect_report --> <CollectReport '' lenresult=1 outcome='passed'> [hook]
        pytest_collectreport [hook]
            report: <CollectReport '' lenresult=1 outcome='passed'>
        finish pytest_collectreport --> [] [hook]
    genitems <Module test_embarca.py> [collection]
      pytest_collectstart [hook]
          collector: <Module test_embarca.py>
      finish pytest_collectstart --> [] [hook]
      pytest_make_collect_report [hook]
          collector: <Module test_embarca.py>
      find_module called for: test_embarca [assertion]
      matched test file (was specified on cmdline): '/Users/mimi/Documents/projetos/embarca-pw/test_embarca.py' [assertion]
      found cached rewritten pyc for /Users/mimi/Documents/projetos/embarca-pw/test_embarca.py [assertion]
      early skip of rewriting module: config [assertion]
        pytest_pycollect_makeitem [hook]
            collector: <Module test_embarca.py>
            name: @py_builtins
            obj: <module 'builtins' (built-in)>
        finish pytest_pycollect_makeitem --> None [hook]
        pytest_pycollect_makeitem [hook]
            collector: <Module test_embarca.py>
            name: @pytest_ar
            obj: <module '_pytest.assertion.rewrite' from '/Users/mimi/Documents/projetos/embarca-pw/.venv/lib/python3.9/site-packages/_pytest/assertion/rewrite.py'>
        finish pytest_pycollect_makeitem --> None [hook]
        pytest_pycollect_makeitem [hook]
            collector: <Module test_embarca.py>
            name: sync_playwright
            obj: <function sync_playwright at 0x10168e790>
        finish pytest_pycollect_makeitem --> None [hook]
        pytest_pycollect_makeitem [hook]
            collector: <Module test_embarca.py>
            name: Page
            obj: <class 'playwright.sync_api._generated.Page'>
        finish pytest_pycollect_makeitem --> None [hook]
        pytest_pycollect_makeitem [hook]
            collector: <Module test_embarca.py>
            name: expect
            obj: <playwright.sync_api.Expect object at 0x10166d910>
        finish pytest_pycollect_makeitem --> None [hook]
        pytest_pycollect_makeitem [hook]
            collector: <Module test_embarca.py>
            name: config
            obj: <module 'config' from '/Users/mimi/Documents/projetos/embarca-pw/config.py'>
        finish pytest_pycollect_makeitem --> None [hook]
        pytest_pycollect_makeitem [hook]
            collector: <Module test_embarca.py>
            name: time
            obj: <module 'time' (built-in)>
        finish pytest_pycollect_makeitem --> None [hook]
        pytest_pycollect_makeitem [hook]
            collector: <Module test_embarca.py>
            name: test_search_ticket
            obj: <function test_search_ticket at 0x102089670>
          pytest_generate_tests [hook]
              metafunc: <_pytest.python.Metafunc object at 0x102084610>
            pytest_make_parametrize_id [hook]
                config: <_pytest.config.Config object at 0x100685880>
                val: chromium
                argname: browser_name
            finish pytest_make_parametrize_id --> None [hook]
          early skip of rewriting module: encodings.unicode_escape [assertion]
          finish pytest_generate_tests --> [] [hook]
        finish pytest_pycollect_makeitem --> [<Function test_search_ticket[chromium]>] [hook]
      finish pytest_make_collect_report --> <CollectReport 'test_embarca.py' lenresult=1 outcome='passed'> [hook]
    genitems <Function test_search_ticket[chromium]> [collection]
      pytest_itemcollected [hook]
          item: <Function test_search_ticket[chromium]>
      finish pytest_itemcollected --> [] [hook]
      pytest_collectreport [hook]
          report: <CollectReport 'test_embarca.py' lenresult=1 outcome='passed'>
      finish pytest_collectreport --> [] [hook]
      pytest_collection_modifyitems [hook]
          session: <Session  exitstatus=<ExitCode.OK: 0> testsfailed=0 testscollected=0>
          config: <_pytest.config.Config object at 0x100685880>
          items: [<Function test_search_ticket[chromium]>]
      finish pytest_collection_modifyitems --> [] [hook]
      pytest_collection_finish [hook]
          session: <Session  exitstatus=<ExitCode.OK: 0> testsfailed=0 testscollected=0>
        pytest_report_collectionfinish [hook]
            config: <_pytest.config.Config object at 0x100685880>
            items: [<Function test_search_ticket[chromium]>]
            start_path: /Users/mimi/Documents/projetos/embarca-pw
            startdir: /Users/mimi/Documents/projetos/embarca-pw
        finish pytest_report_collectionfinish --> [] [hook]
      finish pytest_collection_finish --> [] [hook]
    finish pytest_collection --> None [hook]
    pytest_runtestloop [hook]
        session: <Session  exitstatus=<ExitCode.OK: 0> testsfailed=0 testscollected=1>
      pytest_runtest_protocol [hook]
          item: <Function test_search_ticket[chromium]>
          nextitem: None
        pytest_runtest_logstart [hook]
            nodeid: test_embarca.py::test_search_ticket[chromium]
            location: ('test_embarca.py', 33, 'test_search_ticket[chromium]')
        finish pytest_runtest_logstart --> [] [hook]
        pytest_runtest_setup [hook]
            item: <Function test_search_ticket[chromium]>
          pytest_fixture_setup [hook]
              fixturedef: <FixtureDef argname='pytestconfig' scope='session' baseid=''>
              request: <SubRequest 'pytestconfig' for <Function test_search_ticket[chromium]>>
          finish pytest_fixture_setup --> <_pytest.config.Config object at 0x100685880> [hook]
          pytest_fixture_setup [hook]
              fixturedef: <FixtureDef argname='delete_output_dir' scope='session' baseid=''>
              request: <SubRequest 'delete_output_dir' for <Function test_search_ticket[chromium]>>
          finish pytest_fixture_setup --> None [hook]
          pytest_fixture_setup [hook]
              fixturedef: <FixtureDef argname='base_url' scope='session' baseid=''>
              request: <SubRequest 'base_url' for <Function test_search_ticket[chromium]>>
          finish pytest_fixture_setup -->  [hook]
          pytest_fixture_setup [hook]
              fixturedef: <FixtureDef argname='_verify_url' scope='session' baseid=''>
              request: <SubRequest '_verify_url' for <Function test_search_ticket[chromium]>>
          finish pytest_fixture_setup --> None [hook]
          pytest_fixture_setup [hook]
              fixturedef: <FixtureDef argname='browser_type_launch_args' scope='session' baseid=''>
              request: <SubRequest 'browser_type_launch_args' for <Function test_search_ticket[chromium]>>
          finish pytest_fixture_setup --> [hook]
          pytest_fixture_setup [hook]
              fixturedef: <FixtureDef argname='playwright' scope='session' baseid=''>
              request: <SubRequest 'playwright' for <Function test_search_ticket[chromium]>>
          finish pytest_fixture_setup --> <playwright._impl._playwright.Playwright object at 0x101f81850> [hook]
          pytest_fixture_setup [hook]
              fixturedef: <FixtureDef argname='browser_name' scope='session' baseid=''>
              request: <SubRequest 'browser_name' for <Function test_search_ticket[chromium]>>
          finish pytest_fixture_setup --> chromium [hook]
          pytest_fixture_setup [hook]
              fixturedef: <FixtureDef argname='browser_type' scope='session' baseid=''>
              request: <SubRequest 'browser_type' for <Function test_search_ticket[chromium]>>
          finish pytest_fixture_setup --> <BrowserType name=chromium executable_path=/Users/mimi/Library/Caches/ms-playwright/chromium-1169/chrome-mac/Chromium.app/Contents/MacOS/Chromium> [hook]
          pytest_fixture_setup [hook]
              fixturedef: <FixtureDef argname='connect_options' scope='session' baseid=''>
              request: <SubRequest 'connect_options' for <Function test_search_ticket[chromium]>>
          finish pytest_fixture_setup --> None [hook]
          pytest_fixture_setup [hook]
              fixturedef: <FixtureDef argname='launch_browser' scope='session' baseid=''>
              request: <SubRequest 'launch_browser' for <Function test_search_ticket[chromium]>>
          finish pytest_fixture_setup --> <function launch_browser.<locals>.launch at 0x1021351f0> [hook]
          pytest_fixture_setup [hook]
              fixturedef: <FixtureDef argname='browser' scope='session' baseid=''>
              request: <SubRequest 'browser' for <Function test_search_ticket[chromium]>>
          finish pytest_fixture_setup --> <Browser type=<BrowserType name=chromium executable_path=/Users/mimi/Library/Caches/ms-playwright/chromium-1169/chrome-mac/Chromium.app/Contents/MacOS/Chromium> version=136.0.7103.25> [hook]
          pytest_fixture_setup [hook]
              fixturedef: <FixtureDef argname='device' scope='session' baseid=''>
              request: <SubRequest 'device' for <Function test_search_ticket[chromium]>>
          finish pytest_fixture_setup --> None [hook]
          pytest_fixture_setup [hook]
              fixturedef: <FixtureDef argname='_pw_artifacts_folder' scope='session' baseid=''>
              request: <SubRequest '_pw_artifacts_folder' for <Function test_search_ticket[chromium]>>
          finish pytest_fixture_setup --> <TemporaryDirectory '/var/folders/x9/g7qlxt9j6wxfrt4wyfskxh800000gn/T/playwright-pytest-6q2qwctf'> [hook]
          pytest_fixture_setup [hook]
              fixturedef: <FixtureDef argname='browser_context_args' scope='session' baseid=''>
              request: <SubRequest 'browser_context_args' for <Function test_search_ticket[chromium]>>
          finish pytest_fixture_setup --> [hook]
          pytest_fixture_setup [hook]
              fixturedef: <FixtureDef argname='output_path' scope='function' baseid=''>
              request: <SubRequest 'output_path' for <Function test_search_ticket[chromium]>>
          finish pytest_fixture_setup --> /Users/mimi/Documents/projetos/embarca-pw/test-results/test-embarca-py-test-search-ticket-chromium [hook]
          pytest_fixture_setup [hook]
              fixturedef: <FixtureDef argname='_artifacts_recorder' scope='function' baseid=''>
              request: <SubRequest '_artifacts_recorder' for <Function test_search_ticket[chromium]>>
          finish pytest_fixture_setup --> <pytest_playwright.pytest_playwright.ArtifactsRecorder object at 0x101f5cdc0> [hook]
          pytest_fixture_setup [hook]
              fixturedef: <FixtureDef argname='new_context' scope='function' baseid=''>
              request: <SubRequest 'new_context' for <Function test_search_ticket[chromium]>>
          finish pytest_fixture_setup --> <function new_context.<locals>._new_context at 0x1023fbaf0> [hook]
          pytest_fixture_setup [hook]
              fixturedef: <FixtureDef argname='context' scope='function' baseid=''>
              request: <SubRequest 'context' for <Function test_search_ticket[chromium]>>
          finish pytest_fixture_setup --> <BrowserContext browser=<Browser type=<BrowserType name=chromium executable_path=/Users/mimi/Library/Caches/ms-playwright/chromium-1169/chrome-mac/Chromium.app/Contents/MacOS/Chromium> version=136.0.7103.25>> [hook]
          pytest_fixture_setup [hook]
              fixturedef: <FixtureDef argname='page' scope='function' baseid=''>
              request: <SubRequest 'page' for <Function test_search_ticket[chromium]>>
          finish pytest_fixture_setup --> <Page url='about:blank'> [hook]
        finish pytest_runtest_setup --> None [hook]
        pytest_runtest_makereport [hook]
            item: <Function test_search_ticket[chromium]>
            call: <CallInfo when='setup' result: None>
        finish pytest_runtest_makereport --> <TestReport 'test_embarca.py::test_search_ticket[chromium]' when='setup' outcome='passed'> [hook]
        pytest_runtest_logreport [hook]
            report: <TestReport 'test_embarca.py::test_search_ticket[chromium]' when='setup' outcome='passed'>
          pytest_report_teststatus [hook]
              report: <TestReport 'test_embarca.py::test_search_ticket[chromium]' when='setup' outcome='passed'>
              config: <_pytest.config.Config object at 0x100685880>
          finish pytest_report_teststatus --> ('', '', '') [hook]
        finish pytest_runtest_logreport --> [] [hook]
        pytest_runtest_call [hook]
            item: <Function test_search_ticket[chromium]>
          pytest_pyfunc_call [hook]
              pyfuncitem: <Function test_search_ticket[chromium]>
        pytest_runtest_makereport [hook]
            item: <Function test_search_ticket[chromium]>
            call: <CallInfo when='call' excinfo=<ExceptionInfo Error('Locator.hover: Error: strict mode violation: locator("id=origin_date") resolved to 2 elements:\n    1) <input t...ile(r"^Ida \\(opcional\\)$")).get_by_placeholder("Destino")\n\nCall log:\n  - waiting for locator("id=origin_date")\n') tblen=41>>
        finish pytest_runtest_makereport --> <TestReport 'test_embarca.py::test_search_ticket[chromium]' when='call' outcome='failed'> [hook]
        pytest_runtest_logreport [hook]
            report: <TestReport 'test_embarca.py::test_search_ticket[chromium]' when='call' outcome='failed'>
          pytest_report_teststatus [hook]
              report: <TestReport 'test_embarca.py::test_search_ticket[chromium]' when='call' outcome='failed'>
              config: <_pytest.config.Config object at 0x100685880>
          finish pytest_report_teststatus --> ('failed', 'F', 'FAILED') [hook]
        finish pytest_runtest_logreport --> [] [hook]
        pytest_exception_interact [hook]
            node: <Function test_search_ticket[chromium]>
            call: <CallInfo when='call' excinfo=<ExceptionInfo Error('Locator.hover: Error: strict mode violation: locator("id=origin_date") resolved to 2 elements:\n    1) <input t...ile(r"^Ida \\(opcional\\)$")).get_by_placeholder("Destino")\n\nCall log:\n  - waiting for locator("id=origin_date")\n') tblen=41>>
            report: <TestReport 'test_embarca.py::test_search_ticket[chromium]' when='call' outcome='failed'>
        finish pytest_exception_interact --> [] [hook]
        pytest_runtest_teardown [hook]
            item: <Function test_search_ticket[chromium]>
            nextitem: None
          pytest_fixture_post_finalizer [hook]
              fixturedef: <FixtureDef argname='page' scope='function' baseid=''>
              request: <SubRequest 'page' for <Function test_search_ticket[chromium]>>
          finish pytest_fixture_post_finalizer --> [] [hook]
          pytest_fixture_post_finalizer [hook]
              fixturedef: <FixtureDef argname='page' scope='function' baseid=''>
              request: <SubRequest 'page' for <Function test_search_ticket[chromium]>>
          finish pytest_fixture_post_finalizer --> [] [hook]
          pytest_fixture_post_finalizer [hook]
              fixturedef: <FixtureDef argname='context' scope='function' baseid=''>
              request: <SubRequest 'context' for <Function test_search_ticket[chromium]>>
          finish pytest_fixture_post_finalizer --> [] [hook]
          pytest_fixture_post_finalizer [hook]
              fixturedef: <FixtureDef argname='context' scope='function' baseid=''>
              request: <SubRequest 'context' for <Function test_search_ticket[chromium]>>
          finish pytest_fixture_post_finalizer --> [] [hook]
          pytest_fixture_post_finalizer [hook]
              fixturedef: <FixtureDef argname='new_context' scope='function' baseid=''>
              request: <SubRequest 'new_context' for <Function test_search_ticket[chromium]>>
          finish pytest_fixture_post_finalizer --> [] [hook]
          pytest_fixture_post_finalizer [hook]
              fixturedef: <FixtureDef argname='new_context' scope='function' baseid=''>
              request: <SubRequest 'new_context' for <Function test_search_ticket[chromium]>>
          finish pytest_fixture_post_finalizer --> [] [hook]
          pytest_fixture_post_finalizer [hook]
              fixturedef: <FixtureDef argname='_artifacts_recorder' scope='function' baseid=''>
              request: <SubRequest '_artifacts_recorder' for <Function test_search_ticket[chromium]>>
          finish pytest_fixture_post_finalizer --> [] [hook]
          pytest_fixture_post_finalizer [hook]
              fixturedef: <FixtureDef argname='_artifacts_recorder' scope='function' baseid=''>
              request: <SubRequest '_artifacts_recorder' for <Function test_search_ticket[chromium]>>
          finish pytest_fixture_post_finalizer --> [] [hook]
          pytest_fixture_post_finalizer [hook]
              fixturedef: <FixtureDef argname='output_path' scope='function' baseid=''>
              request: <SubRequest 'output_path' for <Function test_search_ticket[chromium]>>
          finish pytest_fixture_post_finalizer --> [] [hook]
          pytest_fixture_post_finalizer [hook]
              fixturedef: <FixtureDef argname='new_context' scope='function' baseid=''>
              request: <SubRequest 'new_context' for <Function test_search_ticket[chromium]>>
          finish pytest_fixture_post_finalizer --> [] [hook]
          pytest_fixture_post_finalizer [hook]
              fixturedef: <FixtureDef argname='browser_context_args' scope='session' baseid=''>
              request: <SubRequest 'browser_context_args' for <Function test_search_ticket[chromium]>>
          finish pytest_fixture_post_finalizer --> [] [hook]
          pytest_fixture_post_finalizer [hook]
              fixturedef: <FixtureDef argname='_artifacts_recorder' scope='function' baseid=''>
              request: <SubRequest '_artifacts_recorder' for <Function test_search_ticket[chromium]>>
          finish pytest_fixture_post_finalizer --> [] [hook]
          pytest_fixture_post_finalizer [hook]
              fixturedef: <FixtureDef argname='browser_context_args' scope='session' baseid=''>
              request: <SubRequest 'browser_context_args' for <Function test_search_ticket[chromium]>>
          finish pytest_fixture_post_finalizer --> [] [hook]
          pytest_fixture_post_finalizer [hook]
              fixturedef: <FixtureDef argname='_pw_artifacts_folder' scope='session' baseid=''>
              request: <SubRequest '_pw_artifacts_folder' for <Function test_search_ticket[chromium]>>
          finish pytest_fixture_post_finalizer --> [] [hook]
          pytest_fixture_post_finalizer [hook]
              fixturedef: <FixtureDef argname='browser_context_args' scope='session' baseid=''>
              request: <SubRequest 'browser_context_args' for <Function test_search_ticket[chromium]>>
          finish pytest_fixture_post_finalizer --> [] [hook]
          pytest_fixture_post_finalizer [hook]
              fixturedef: <FixtureDef argname='device' scope='session' baseid=''>
              request: <SubRequest 'device' for <Function test_search_ticket[chromium]>>
          finish pytest_fixture_post_finalizer --> [] [hook]
          pytest_fixture_post_finalizer [hook]
              fixturedef: <FixtureDef argname='new_context' scope='function' baseid=''>
              request: <SubRequest 'new_context' for <Function test_search_ticket[chromium]>>
          finish pytest_fixture_post_finalizer --> [] [hook]
          pytest_fixture_post_finalizer [hook]
              fixturedef: <FixtureDef argname='browser' scope='session' baseid=''>
              request: <SubRequest 'browser' for <Function test_search_ticket[chromium]>>
          finish pytest_fixture_post_finalizer --> [] [hook]
          pytest_fixture_post_finalizer [hook]
              fixturedef: <FixtureDef argname='browser' scope='session' baseid=''>
              request: <SubRequest 'browser' for <Function test_search_ticket[chromium]>>
          finish pytest_fixture_post_finalizer --> [] [hook]
          pytest_fixture_post_finalizer [hook]
              fixturedef: <FixtureDef argname='launch_browser' scope='session' baseid=''>
              request: <SubRequest 'launch_browser' for <Function test_search_ticket[chromium]>>
          finish pytest_fixture_post_finalizer --> [] [hook]
          pytest_fixture_post_finalizer [hook]
              fixturedef: <FixtureDef argname='launch_browser' scope='session' baseid=''>
              request: <SubRequest 'launch_browser' for <Function test_search_ticket[chromium]>>
          finish pytest_fixture_post_finalizer --> [] [hook]
          pytest_fixture_post_finalizer [hook]
              fixturedef: <FixtureDef argname='connect_options' scope='session' baseid=''>
              request: <SubRequest 'connect_options' for <Function test_search_ticket[chromium]>>
          finish pytest_fixture_post_finalizer --> [] [hook]
          pytest_fixture_post_finalizer [hook]
              fixturedef: <FixtureDef argname='launch_browser' scope='session' baseid=''>
              request: <SubRequest 'launch_browser' for <Function test_search_ticket[chromium]>>
          finish pytest_fixture_post_finalizer --> [] [hook]
          pytest_fixture_post_finalizer [hook]
              fixturedef: <FixtureDef argname='browser_type' scope='session' baseid=''>
              request: <SubRequest 'browser_type' for <Function test_search_ticket[chromium]>>
          finish pytest_fixture_post_finalizer --> [] [hook]
          pytest_fixture_post_finalizer [hook]
              fixturedef: <FixtureDef argname='browser_type' scope='session' baseid=''>
              request: <SubRequest 'browser_type' for <Function test_search_ticket[chromium]>>
          finish pytest_fixture_post_finalizer --> [] [hook]
          pytest_fixture_post_finalizer [hook]
              fixturedef: <FixtureDef argname='browser_name' scope='session' baseid=''>
              request: <SubRequest 'browser_name' for <Function test_search_ticket[chromium]>>
          finish pytest_fixture_post_finalizer --> [] [hook]
          pytest_fixture_post_finalizer [hook]
              fixturedef: <FixtureDef argname='_artifacts_recorder' scope='function' baseid=''>
              request: <SubRequest '_artifacts_recorder' for <Function test_search_ticket[chromium]>>
          finish pytest_fixture_post_finalizer --> [] [hook]
          pytest_fixture_post_finalizer [hook]
              fixturedef: <FixtureDef argname='browser_context_args' scope='session' baseid=''>
              request: <SubRequest 'browser_context_args' for <Function test_search_ticket[chromium]>>
          finish pytest_fixture_post_finalizer --> [] [hook]
          pytest_fixture_post_finalizer [hook]
              fixturedef: <FixtureDef argname='browser_type' scope='session' baseid=''>
              request: <SubRequest 'browser_type' for <Function test_search_ticket[chromium]>>
          finish pytest_fixture_post_finalizer --> [] [hook]
          pytest_fixture_post_finalizer [hook]
              fixturedef: <FixtureDef argname='playwright' scope='session' baseid=''>
              request: <SubRequest 'playwright' for <Function test_search_ticket[chromium]>>
          finish pytest_fixture_post_finalizer --> [] [hook]
          pytest_fixture_post_finalizer [hook]
              fixturedef: <FixtureDef argname='launch_browser' scope='session' baseid=''>
              request: <SubRequest 'launch_browser' for <Function test_search_ticket[chromium]>>
          finish pytest_fixture_post_finalizer --> [] [hook]
          pytest_fixture_post_finalizer [hook]
              fixturedef: <FixtureDef argname='browser_type_launch_args' scope='session' baseid=''>
              request: <SubRequest 'browser_type_launch_args' for <Function test_search_ticket[chromium]>>
          finish pytest_fixture_post_finalizer --> [] [hook]
          pytest_fixture_post_finalizer [hook]
              fixturedef: <FixtureDef argname='_verify_url' scope='session' baseid=''>
              request: <SubRequest '_verify_url' for <Function test_search_ticket[chromium]>>
          finish pytest_fixture_post_finalizer --> [] [hook]
          pytest_fixture_post_finalizer [hook]
              fixturedef: <FixtureDef argname='browser_context_args' scope='session' baseid=''>
              request: <SubRequest 'browser_context_args' for <Function test_search_ticket[chromium]>>
          finish pytest_fixture_post_finalizer --> [] [hook]
          pytest_fixture_post_finalizer [hook]
              fixturedef: <FixtureDef argname='_verify_url' scope='session' baseid=''>
              request: <SubRequest '_verify_url' for <Function test_search_ticket[chromium]>>
          finish pytest_fixture_post_finalizer --> [] [hook]
          pytest_fixture_post_finalizer [hook]
              fixturedef: <FixtureDef argname='base_url' scope='session' baseid=''>
              request: <SubRequest 'base_url' for <Function test_search_ticket[chromium]>>
          finish pytest_fixture_post_finalizer --> [] [hook]
          pytest_fixture_post_finalizer [hook]
              fixturedef: <FixtureDef argname='delete_output_dir' scope='session' baseid=''>
              request: <SubRequest 'delete_output_dir' for <Function test_search_ticket[chromium]>>
          finish pytest_fixture_post_finalizer --> [] [hook]
          pytest_fixture_post_finalizer [hook]
              fixturedef: <FixtureDef argname='_artifacts_recorder' scope='function' baseid=''>
              request: <SubRequest '_artifacts_recorder' for <Function test_search_ticket[chromium]>>
          finish pytest_fixture_post_finalizer --> [] [hook]
          pytest_fixture_post_finalizer [hook]
              fixturedef: <FixtureDef argname='output_path' scope='function' baseid=''>
              request: <SubRequest 'output_path' for <Function test_search_ticket[chromium]>>
          finish pytest_fixture_post_finalizer --> [] [hook]
          pytest_fixture_post_finalizer [hook]
              fixturedef: <FixtureDef argname='browser_context_args' scope='session' baseid=''>
              request: <SubRequest 'browser_context_args' for <Function test_search_ticket[chromium]>>
          finish pytest_fixture_post_finalizer --> [] [hook]
          pytest_fixture_post_finalizer [hook]
              fixturedef: <FixtureDef argname='device' scope='session' baseid=''>
              request: <SubRequest 'device' for <Function test_search_ticket[chromium]>>
          finish pytest_fixture_post_finalizer --> [] [hook]
          pytest_fixture_post_finalizer [hook]
              fixturedef: <FixtureDef argname='browser_type_launch_args' scope='session' baseid=''>
              request: <SubRequest 'browser_type_launch_args' for <Function test_search_ticket[chromium]>>
          finish pytest_fixture_post_finalizer --> [] [hook]
          pytest_fixture_post_finalizer [hook]
              fixturedef: <FixtureDef argname='delete_output_dir' scope='session' baseid=''>
              request: <SubRequest 'delete_output_dir' for <Function test_search_ticket[chromium]>>
          finish pytest_fixture_post_finalizer --> [] [hook]
          pytest_fixture_post_finalizer [hook]
              fixturedef: <FixtureDef argname='pytestconfig' scope='session' baseid=''>
              request: <SubRequest 'pytestconfig' for <Function test_search_ticket[chromium]>>
          finish pytest_fixture_post_finalizer --> [] [hook]
        finish pytest_runtest_teardown --> None [hook]
        pytest_runtest_makereport [hook]
            item: <Function test_search_ticket[chromium]>
            call: <CallInfo when='teardown' result: None>
        finish pytest_runtest_makereport --> <TestReport 'test_embarca.py::test_search_ticket[chromium]' when='teardown' outcome='passed'> [hook]
        pytest_runtest_logreport [hook]
            report: <TestReport 'test_embarca.py::test_search_ticket[chromium]' when='teardown' outcome='passed'>
          pytest_report_teststatus [hook]
              report: <TestReport 'test_embarca.py::test_search_ticket[chromium]' when='teardown' outcome='passed'>
              config: <_pytest.config.Config object at 0x100685880>
          finish pytest_report_teststatus --> ('', '', '') [hook]
        finish pytest_runtest_logreport --> [] [hook]
        pytest_runtest_logfinish [hook]
            nodeid: test_embarca.py::test_search_ticket[chromium]
            location: ('test_embarca.py', 33, 'test_search_ticket[chromium]')
        finish pytest_runtest_logfinish --> [] [hook]
      finish pytest_runtest_protocol --> True [hook]
    finish pytest_runtestloop --> True [hook]
    pytest_sessionfinish [hook]
        session: <Session  exitstatus=<ExitCode.TESTS_FAILED: 1> testsfailed=1 testscollected=1>
        exitstatus: 1
      pytest_terminal_summary [hook]
          terminalreporter: <_pytest.terminal.TerminalReporter object at 0x101fd2bb0>
          exitstatus: 1
          config: <_pytest.config.Config object at 0x100685880>
      early skip of rewriting module: pygments [assertion]
      early skip of rewriting module: pygments [assertion]
      early skip of rewriting module: pygments [assertion]
      early skip of rewriting module: pygments [assertion]
      early skip of rewriting module: pygments [assertion]
      early skip of rewriting module: pygments [assertion]
        pytest_report_teststatus [hook]
            report: <TestReport 'test_embarca.py::test_search_ticket[chromium]' when='call' outcome='failed'>
            config: <_pytest.config.Config object at 0x100685880>
        finish pytest_report_teststatus --> ('failed', 'F', 'FAILED') [hook]
      finish pytest_terminal_summary --> [] [hook]
    finish pytest_sessionfinish --> [] [hook]
    pytest_unconfigure [hook]
        config: <_pytest.config.Config object at 0x100685880>
    finish pytest_unconfigure --> [] [hook]
